<?xml version="1.0" encoding="UTF-8"?>
<testsuite name="MobilePhoneTest" tests="4" skipped="0" failures="0" errors="0" timestamp="2022-06-18T20:26:13" hostname="KOMPUTER" time="0.022">
  <properties/>
  <testcase name="updateContact()" classname="MobilePhoneTest" time="0.015"/>
  <testcase name="addNewContact()" classname="MobilePhoneTest" time="0.0"/>
  <testcase name="findContact()" classname="MobilePhoneTest" time="0.0"/>
  <testcase name="removeContact()" classname="MobilePhoneTest" time="0.003"/>
  <system-out><![CDATA[??????? ??????? ?????? true
]]></system-out>
  <system-err><![CDATA[]]></system-err>
</testsuite>
